[debug] [2021-03-28T06:28:51.593Z] ----------------------------------------------------------------------
[debug] [2021-03-28T06:28:51.595Z] Command:       /usr/local/Cellar/node/15.12.0/bin/node /usr/local/bin/firebase emulators:start
[debug] [2021-03-28T06:28:51.595Z] CLI Version:   9.5.0
[debug] [2021-03-28T06:28:51.595Z] Platform:      darwin
[debug] [2021-03-28T06:28:51.596Z] Node Version:  v15.12.0
[debug] [2021-03-28T06:28:51.597Z] Time:          Sun Mar 28 2021 11:58:51 GMT+0530 (India Standard Time)
[debug] [2021-03-28T06:28:51.597Z] ----------------------------------------------------------------------
[debug] [2021-03-28T06:28:51.597Z] 
[debug] [2021-03-28T06:28:51.606Z] > command requires scopes: ["email","openid","https://www.googleapis.com/auth/cloudplatformprojects.readonly","https://www.googleapis.com/auth/firebase","https://www.googleapis.com/auth/cloud-platform"]
[debug] [2021-03-28T06:28:51.606Z] > authorizing via signed-in user
[info] i  emulators: Starting emulators: functions, hosting {"metadata":{"emulator":{"name":"hub"},"message":"Starting emulators: functions, hosting"}}
[debug] [2021-03-28T06:28:51.627Z] [hub] writing locator at /var/folders/px/qk8_vd_x4cx1nltltq540kbh0000gn/T/hub-haxplore-orange.json
[warn] ⚠  functions: The following emulators are not running, calls to these services from the Functions emulator will affect production: auth, firestore, database, pubsub {"metadata":{"emulator":{"name":"functions"},"message":"The following emulators are not running, calls to these services from the Functions emulator will affect production: \u001b[1mauth, firestore, database, pubsub\u001b[22m"}}
[warn] ⚠  Your requested "node" version "12" doesn't match your global version "15" {"metadata":{"emulator":{"name":"functions"},"message":"Your requested \"node\" version \"12\" doesn't match your global version \"15\""}}
[debug] [2021-03-28T06:28:51.643Z] defaultcredentials: writing to file /Users/aayushnaik/.config/firebase/aayushnai_gmail_com_application_default_credentials.json
[debug] [2021-03-28T06:28:51.645Z] Setting GAC to /Users/aayushnaik/.config/firebase/aayushnai_gmail_com_application_default_credentials.json {"metadata":{"emulator":{"name":"functions"},"message":"Setting GAC to /Users/aayushnaik/.config/firebase/aayushnai_gmail_com_application_default_credentials.json"}}
[debug] [2021-03-28T06:28:51.647Z] > refreshing access token with scopes: []
[debug] [2021-03-28T06:28:51.648Z] >>> HTTP REQUEST POST https://www.googleapis.com/oauth2/v3/token  
 <request body omitted>
[debug] [2021-03-28T06:28:51.825Z] <<< HTTP RESPONSE 200 {"expires":"Mon, 01 Jan 1990 00:00:00 GMT","date":"Sun, 28 Mar 2021 06:28:51 GMT","pragma":"no-cache","cache-control":"no-cache, no-store, max-age=0, must-revalidate","content-type":"application/json; charset=utf-8","vary":"X-Origin, Referer, Origin,Accept-Encoding","server":"scaffolding on HTTPServer2","x-xss-protection":"0","x-frame-options":"SAMEORIGIN","x-content-type-options":"nosniff","alt-svc":"h3-29=\":443\"; ma=2592000,h3-T051=\":443\"; ma=2592000,h3-Q050=\":443\"; ma=2592000,h3-Q046=\":443\"; ma=2592000,h3-Q043=\":443\"; ma=2592000,quic=\":443\"; ma=2592000; v=\"46,43\"","accept-ranges":"none","transfer-encoding":"chunked"}
[debug] [2021-03-28T06:28:51.856Z] >>> [apiv2][query] GET https://firebase.googleapis.com/v1beta1/projects/haxplore-orange/adminSdkConfig [none]
[debug] [2021-03-28T06:28:52.558Z] <<< [apiv2][status] GET https://firebase.googleapis.com/v1beta1/projects/haxplore-orange/adminSdkConfig 200
[debug] [2021-03-28T06:28:52.558Z] <<< [apiv2][body] GET https://firebase.googleapis.com/v1beta1/projects/haxplore-orange/adminSdkConfig {"projectId":"haxplore-orange","storageBucket":"haxplore-orange.appspot.com","locationId":"asia-southeast2"}
[debug] [2021-03-28T06:28:52.846Z] >>> [apiv2][query] GET https://firebase.googleapis.com/v1beta1/projects/haxplore-orange/webApps/-/config [none]
[debug] [2021-03-28T06:28:54.049Z] <<< [apiv2][status] GET https://firebase.googleapis.com/v1beta1/projects/haxplore-orange/webApps/-/config 200
[debug] [2021-03-28T06:28:54.050Z] <<< [apiv2][body] GET https://firebase.googleapis.com/v1beta1/projects/haxplore-orange/webApps/-/config {"projectId":"haxplore-orange","appId":"1:117319785096:web:5abadb3188247667481d3d","storageBucket":"haxplore-orange.appspot.com","locationId":"asia-southeast2","apiKey":"AIzaSyBveiEzyDj_ubh8OYfQI7aD7fOT_ZENo6I","authDomain":"haxplore-orange.firebaseapp.com","messagingSenderId":"117319785096"}
[info] i  hosting: Serving hosting files from: client/dist/client {"metadata":{"emulator":{"name":"hosting"},"message":"Serving hosting files from: \u001b[1mclient/dist/client\u001b[22m"}}
[info] ✔  hosting: Local server: http://localhost:5000 {"metadata":{"emulator":{"name":"hosting"},"message":"Local server: \u001b[4m\u001b[1mhttp://localhost:5000\u001b[22m\u001b[24m"}}
[debug] [2021-03-28T06:28:54.353Z] Ignoring unsupported arg: auto_download {"metadata":{"emulator":{"name":"ui"},"message":"Ignoring unsupported arg: auto_download"}}
[debug] [2021-03-28T06:28:54.353Z] Ignoring unsupported arg: port {"metadata":{"emulator":{"name":"ui"},"message":"Ignoring unsupported arg: port"}}
[debug] [2021-03-28T06:28:54.353Z] Starting Emulator UI with command {"binary":"node","args":["/Users/aayushnaik/.cache/firebase/emulators/ui-v1.4.2/server.bundle.js"],"optionalArgs":[],"joinArgs":false} {"metadata":{"emulator":{"name":"ui"},"message":"Starting Emulator UI with command {\"binary\":\"node\",\"args\":[\"/Users/aayushnaik/.cache/firebase/emulators/ui-v1.4.2/server.bundle.js\"],\"optionalArgs\":[],\"joinArgs\":false}"}}
[info] i  ui: Emulator UI logging to ui-debug.log {"metadata":{"emulator":{"name":"ui"},"message":"Emulator UI logging to \u001b[1mui-debug.log\u001b[22m"}}
[debug] [2021-03-28T06:28:54.467Z] Web / API server started at http://localhost:4000
 {"metadata":{"emulator":{"name":"ui"},"message":"Web / API server started at http://localhost:4000\n"}}
[info] i  functions: Watching "/Users/aayushnaik/Documents/Projects/Git/orange-haxplore-2.0/functions" for Cloud Functions... {"metadata":{"emulator":{"name":"functions"},"message":"Watching \"/Users/aayushnaik/Documents/Projects/Git/orange-haxplore-2.0/functions\" for Cloud Functions..."}}
[debug] [2021-03-28T06:28:54.624Z] [worker-pool] addWorker(~diagnostic~) {"metadata":{"emulator":{"name":"functions"},"message":"[worker-pool] addWorker(~diagnostic~)"}}
[debug] [2021-03-28T06:28:54.625Z] [worker-pool] Adding worker with key ~diagnostic~, total=1 {"metadata":{"emulator":{"name":"functions"},"message":"[worker-pool] Adding worker with key ~diagnostic~, total=1"}}
[debug] [2021-03-28T06:28:54.625Z] [worker-pool] submitWork(triggerId=) {"metadata":{"emulator":{"name":"functions"},"message":"[worker-pool] submitWork(triggerId=)"}}
[debug] [2021-03-28T06:28:54.625Z] [worker-~diagnostic~-d2d0b96e-0e21-44c4-8864-69a22ec359f0]: Assigning socketPath: /var/folders/px/qk8_vd_x4cx1nltltq540kbh0000gn/T/fire_emu_7808.sock {"metadata":{"emulator":{"name":"functions"},"message":"[worker-~diagnostic~-d2d0b96e-0e21-44c4-8864-69a22ec359f0]: Assigning socketPath: /var/folders/px/qk8_vd_x4cx1nltltq540kbh0000gn/T/fire_emu_7808.sock"}}
[debug] [2021-03-28T06:28:54.626Z] [worker-~diagnostic~-d2d0b96e-0e21-44c4-8864-69a22ec359f0]: BUSY {"metadata":{"emulator":{"name":"functions"},"message":"[worker-~diagnostic~-d2d0b96e-0e21-44c4-8864-69a22ec359f0]: BUSY"}}
[debug] [2021-03-28T06:28:54.769Z] [runtime-status] [7808] Functions runtime initialized. {"cwd":"/Users/aayushnaik/Documents/Projects/Git/orange-haxplore-2.0/functions","node_version":"15.12.0"} {"metadata":{"emulator":{"name":"functions"},"message":"[runtime-status] [7808] Functions runtime initialized. {\"cwd\":\"/Users/aayushnaik/Documents/Projects/Git/orange-haxplore-2.0/functions\",\"node_version\":\"15.12.0\"}"}}
[debug] [2021-03-28T06:28:54.770Z] [runtime-status] [7808] Disabled runtime features: undefined {"metadata":{"emulator":{"name":"functions"},"message":"[runtime-status] [7808] Disabled runtime features: undefined"}}
[debug] [2021-03-28T06:28:54.775Z] [runtime-status] [7808] Resolved module firebase-admin {"declared":true,"installed":true,"version":"9.5.0","resolution":"/Users/aayushnaik/Documents/Projects/Git/orange-haxplore-2.0/functions/node_modules/firebase-admin/lib/index.js"} {"metadata":{"emulator":{"name":"functions"},"message":"[runtime-status] [7808] Resolved module firebase-admin {\"declared\":true,\"installed\":true,\"version\":\"9.5.0\",\"resolution\":\"/Users/aayushnaik/Documents/Projects/Git/orange-haxplore-2.0/functions/node_modules/firebase-admin/lib/index.js\"}"}}
[debug] [2021-03-28T06:28:54.777Z] [runtime-status] [7808] Resolved module firebase-functions {"declared":true,"installed":true,"version":"3.13.2","resolution":"/Users/aayushnaik/Documents/Projects/Git/orange-haxplore-2.0/functions/node_modules/firebase-functions/lib/index.js"} {"metadata":{"emulator":{"name":"functions"},"message":"[runtime-status] [7808] Resolved module firebase-functions {\"declared\":true,\"installed\":true,\"version\":\"3.13.2\",\"resolution\":\"/Users/aayushnaik/Documents/Projects/Git/orange-haxplore-2.0/functions/node_modules/firebase-functions/lib/index.js\"}"}}
[debug] [2021-03-28T06:28:54.778Z] [runtime-status] [7808] Resolved module firebase-functions {"declared":true,"installed":true,"version":"3.13.2","resolution":"/Users/aayushnaik/Documents/Projects/Git/orange-haxplore-2.0/functions/node_modules/firebase-functions/lib/index.js"} {"metadata":{"emulator":{"name":"functions"},"message":"[runtime-status] [7808] Resolved module firebase-functions {\"declared\":true,\"installed\":true,\"version\":\"3.13.2\",\"resolution\":\"/Users/aayushnaik/Documents/Projects/Git/orange-haxplore-2.0/functions/node_modules/firebase-functions/lib/index.js\"}"}}
[debug] [2021-03-28T06:28:54.781Z] [runtime-status] [7808] Outgoing network have been stubbed. [{"name":"http","status":"mocked"},{"name":"http","status":"mocked"},{"name":"https","status":"mocked"},{"name":"https","status":"mocked"},{"name":"net","status":"mocked"}] {"metadata":{"emulator":{"name":"functions"},"message":"[runtime-status] [7808] Outgoing network have been stubbed. [{\"name\":\"http\",\"status\":\"mocked\"},{\"name\":\"http\",\"status\":\"mocked\"},{\"name\":\"https\",\"status\":\"mocked\"},{\"name\":\"https\",\"status\":\"mocked\"},{\"name\":\"net\",\"status\":\"mocked\"}]"}}
[debug] [2021-03-28T06:28:54.781Z] [runtime-status] [7808] Resolved module firebase-functions {"declared":true,"installed":true,"version":"3.13.2","resolution":"/Users/aayushnaik/Documents/Projects/Git/orange-haxplore-2.0/functions/node_modules/firebase-functions/lib/index.js"} {"metadata":{"emulator":{"name":"functions"},"message":"[runtime-status] [7808] Resolved module firebase-functions {\"declared\":true,\"installed\":true,\"version\":\"3.13.2\",\"resolution\":\"/Users/aayushnaik/Documents/Projects/Git/orange-haxplore-2.0/functions/node_modules/firebase-functions/lib/index.js\"}"}}
[debug] [2021-03-28T06:28:54.854Z] [runtime-status] [7808] Checked functions.config() {"config":{}} {"metadata":{"emulator":{"name":"functions"},"message":"[runtime-status] [7808] Checked functions.config() {\"config\":{}}"}}
[debug] [2021-03-28T06:28:54.854Z] [runtime-status] [7808] firebase-functions has been stubbed. {"functionsResolution":{"declared":true,"installed":true,"version":"3.13.2","resolution":"/Users/aayushnaik/Documents/Projects/Git/orange-haxplore-2.0/functions/node_modules/firebase-functions/lib/index.js"}} {"metadata":{"emulator":{"name":"functions"},"message":"[runtime-status] [7808] firebase-functions has been stubbed. {\"functionsResolution\":{\"declared\":true,\"installed\":true,\"version\":\"3.13.2\",\"resolution\":\"/Users/aayushnaik/Documents/Projects/Git/orange-haxplore-2.0/functions/node_modules/firebase-functions/lib/index.js\"}}"}}
[debug] [2021-03-28T06:28:54.854Z] [runtime-status] [7808] Resolved module firebase-functions {"declared":true,"installed":true,"version":"3.13.2","resolution":"/Users/aayushnaik/Documents/Projects/Git/orange-haxplore-2.0/functions/node_modules/firebase-functions/lib/index.js"} {"metadata":{"emulator":{"name":"functions"},"message":"[runtime-status] [7808] Resolved module firebase-functions {\"declared\":true,\"installed\":true,\"version\":\"3.13.2\",\"resolution\":\"/Users/aayushnaik/Documents/Projects/Git/orange-haxplore-2.0/functions/node_modules/firebase-functions/lib/index.js\"}"}}
[debug] [2021-03-28T06:28:54.855Z] [runtime-status] [7808] Resolved module firebase-admin {"declared":true,"installed":true,"version":"9.5.0","resolution":"/Users/aayushnaik/Documents/Projects/Git/orange-haxplore-2.0/functions/node_modules/firebase-admin/lib/index.js"} {"metadata":{"emulator":{"name":"functions"},"message":"[runtime-status] [7808] Resolved module firebase-admin {\"declared\":true,\"installed\":true,\"version\":\"9.5.0\",\"resolution\":\"/Users/aayushnaik/Documents/Projects/Git/orange-haxplore-2.0/functions/node_modules/firebase-admin/lib/index.js\"}"}}
[debug] [2021-03-28T06:28:54.856Z] [runtime-status] [7808] Resolved module firebase-functions {"declared":true,"installed":true,"version":"3.13.2","resolution":"/Users/aayushnaik/Documents/Projects/Git/orange-haxplore-2.0/functions/node_modules/firebase-functions/lib/index.js"} {"metadata":{"emulator":{"name":"functions"},"message":"[runtime-status] [7808] Resolved module firebase-functions {\"declared\":true,\"installed\":true,\"version\":\"3.13.2\",\"resolution\":\"/Users/aayushnaik/Documents/Projects/Git/orange-haxplore-2.0/functions/node_modules/firebase-functions/lib/index.js\"}"}}
[debug] [2021-03-28T06:28:54.856Z] [runtime-status] [7808] firebase-admin has been stubbed. {"adminResolution":{"declared":true,"installed":true,"version":"9.5.0","resolution":"/Users/aayushnaik/Documents/Projects/Git/orange-haxplore-2.0/functions/node_modules/firebase-admin/lib/index.js"}} {"metadata":{"emulator":{"name":"functions"},"message":"[runtime-status] [7808] firebase-admin has been stubbed. {\"adminResolution\":{\"declared\":true,\"installed\":true,\"version\":\"9.5.0\",\"resolution\":\"/Users/aayushnaik/Documents/Projects/Git/orange-haxplore-2.0/functions/node_modules/firebase-admin/lib/index.js\"}}"}}
[debug] [2021-03-28T06:28:55.097Z] [runtime-status] [7808] initializeApp(DEFAULT) {"storageBucket":"haxplore-orange.appspot.com"} {"metadata":{"emulator":{"name":"functions"},"message":"[runtime-status] [7808] initializeApp(DEFAULT) {\"storageBucket\":\"haxplore-orange.appspot.com\"}"}}
[warn] ⚠  functions: The Cloud Firestore emulator is not running, so calls to Firestore will affect production. {"metadata":{"emulator":{"name":"functions"},"message":"The Cloud Firestore emulator is not running, so calls to Firestore will affect production."}}
[info] ✔  functions[api]: http function initialized (http://localhost:5001/haxplore-orange/us-central1/api). {"metadata":{"emulator":{"name":"functions"},"message":"\u001b[1mhttp\u001b[22m function initialized (http://localhost:5001/haxplore-orange/us-central1/api)."}}
[info] 
┌─────────────────────────────────────────────────────────────┐
│ ✔  All emulators ready! It is now safe to connect your app. │
│ i  View Emulator UI at http://localhost:4000                │
└─────────────────────────────────────────────────────────────┘

┌───────────┬────────────────┬─────────────────────────────────┐
│ Emulator  │ Host:Port      │ View in Emulator UI             │
├───────────┼────────────────┼─────────────────────────────────┤
│ Functions │ localhost:5001 │ http://localhost:4000/functions │
├───────────┼────────────────┼─────────────────────────────────┤
│ Hosting   │ localhost:5000 │ n/a                             │
└───────────┴────────────────┴─────────────────────────────────┘
  Emulator Hub running at localhost:4400
  Other reserved ports: 4500

Issues? Report them at https://github.com/firebase/firebase-tools/issues and attach the *-debug.log files.
 
[debug] [2021-03-28T06:28:55.551Z] [worker-~diagnostic~-d2d0b96e-0e21-44c4-8864-69a22ec359f0]: IDLE {"metadata":{"emulator":{"name":"functions"},"message":"[worker-~diagnostic~-d2d0b96e-0e21-44c4-8864-69a22ec359f0]: IDLE"}}
[warn] ⚠  Google API requested!
   - URL: "https://oauth2.googleapis.com/token"
   - Be careful, this may be a production service. {"metadata":{"emulator":{"name":"functions"},"message":"Google API requested!\n   - URL: \"https://oauth2.googleapis.com/token\"\n   - Be careful, this may be a production service."}}
[warn] ⚠  Google API requested!
   - URL: "https://storage.googleapis.com/storage/v1/b/haxplore-orange.appspot.com/o/logo.png?alt=media"
   - Be careful, this may be a production service. {"metadata":{"emulator":{"name":"functions"},"message":"Google API requested!\n   - URL: \"https://storage.googleapis.com/storage/v1/b/haxplore-orange.appspot.com/o/logo.png?alt=media\"\n   - Be careful, this may be a production service."}}
[warn] ⚠  Google API requested!
   - URL: "https://storage.googleapis.com/storage/v1/b/haxplore-orange.appspot.com/o/logo.png?"
   - Be careful, this may be a production service. {"metadata":{"emulator":{"name":"functions"},"message":"Google API requested!\n   - URL: \"https://storage.googleapis.com/storage/v1/b/haxplore-orange.appspot.com/o/logo.png?\"\n   - Be careful, this may be a production service."}}
